# JRE version: Java(TM) SE Runtime Environment (14.0.2+12) (build 14.0.2+12-46)
# Java VM: Java HotSpot(TM) 64-Bit Server VM (14.0.2+12-46, mixed mode, sharing, tiered, compressed oops, g1 gc, bsd-amd64)
Heap:
 garbage-first heap   total 20480K, used 8515K [0x00000007e0000000, 0x0000000800000000)
  region size 1024K, 2 young (2048K), 1 survivors (1024K)
 Metaspace       used 3128K, capacity 6196K, committed 6272K, reserved 1056768K
  class space    used 289K, capacity 599K, committed 640K, reserved 1048576K
GC Heap History (14 events):
Event: 47517.300 GC heap before
{Heap before GC invocations=0 (full 0):
 garbage-first heap   total 264192K, used 9008K [0x00000007e0000000, 0x0000000800000000)
  region size 1024K, 9 young (9216K), 0 survivors (0K)
 Metaspace       used 2929K, capacity 6131K, committed 6272K, reserved 1056768K
  class space    used 287K, capacity 599K, committed 640K, reserved 1048576K
}
Event: 47517.312 GC heap after
{Heap after GC invocations=1 (full 1):
 garbage-first heap   total 20480K, used 2748K [0x00000007e0000000, 0x0000000800000000)
  region size 1024K, 0 young (0K), 0 survivors (0K)
 Metaspace       used 2929K, capacity 6131K, committed 6272K, reserved 1056768K
  class space    used 287K, capacity 599K, committed 640K, reserved 1048576K
}
Event: 47517.525 GC heap before
{Heap before GC invocations=1 (full 1):
 garbage-first heap   total 20480K, used 7868K [0x00000007e0000000, 0x0000000800000000)
  region size 1024K, 5 young (5120K), 0 survivors (0K)
 Metaspace       used 3108K, capacity 6196K, committed 6272K, reserved 1056768K
  class space    used 289K, capacity 599K, committed 640K, reserved 1048576K
}
Event: 47517.528 GC heap after
{Heap after GC invocations=2 (full 1):
 garbage-first heap   total 20480K, used 4959K [0x00000007e0000000, 0x0000000800000000)
  region size 1024K, 1 young (1024K), 1 survivors (1024K)
 Metaspace       used 3108K, capacity 6196K, committed 6272K, reserved 1056768K
  class space    used 289K, capacity 599K, committed 640K, reserved 1048576K
}
Event: 47517.598 GC heap before
{Heap before GC invocations=2 (full 1):
 garbage-first heap   total 20480K, used 7007K [0x00000007e0000000, 0x0000000800000000)
  region size 1024K, 3 young (3072K), 1 survivors (1024K)
 Metaspace       used 3111K, capacity 6196K, committed 6272K, reserved 1056768K
  class space    used 289K, capacity 599K, committed 640K, reserved 1048576K
}
Event: 47517.601 GC heap after
{Heap after GC invocations=3 (full 1):
 garbage-first heap   total 20480K, used 5616K [0x00000007e0000000, 0x0000000800000000)
  region size 1024K, 1 young (1024K), 1 survivors (1024K)
 Metaspace       used 3111K, capacity 6196K, committed 6272K, reserved 1056768K
  class space    used 289K, capacity 599K, committed 640K, reserved 1048576K
}
Event: 47517.628 GC heap before
{Heap before GC invocations=3 (full 1):
 garbage-first heap   total 20480K, used 7664K [0x00000007e0000000, 0x0000000800000000)
  region size 1024K, 3 young (3072K), 1 survivors (1024K)
 Metaspace       used 3113K, capacity 6196K, committed 6272K, reserved 1056768K
  class space    used 289K, capacity 599K, committed 640K, reserved 1048576K
}
Event: 47517.630 GC heap after
{Heap after GC invocations=4 (full 1):
 garbage-first heap   total 20480K, used 6183K [0x00000007e0000000, 0x0000000800000000)
  region size 1024K, 1 young (1024K), 1 survivors (1024K)
 Metaspace       used 3113K, capacity 6196K, committed 6272K, reserved 1056768K
  class space    used 289K, capacity 599K, committed 640K, reserved 1048576K
}
Event: 47517.665 GC heap before
{Heap before GC invocations=4 (full 1):
 garbage-first heap   total 20480K, used 8231K [0x00000007e0000000, 0x0000000800000000)
  region size 1024K, 3 young (3072K), 1 survivors (1024K)
 Metaspace       used 3114K, capacity 6196K, committed 6272K, reserved 1056768K
  class space    used 289K, capacity 599K, committed 640K, reserved 1048576K
}
Event: 47517.667 GC heap after
{Heap after GC invocations=5 (full 1):
 garbage-first heap   total 20480K, used 6683K [0x00000007e0000000, 0x0000000800000000)
  region size 1024K, 1 young (1024K), 1 survivors (1024K)
 Metaspace       used 3114K, capacity 6196K, committed 6272K, reserved 1056768K
  class space    used 289K, capacity 599K, committed 640K, reserved 1048576K
}
Event: 47517.754 GC heap before
{Heap before GC invocations=5 (full 1):
 garbage-first heap   total 20480K, used 9755K [0x00000007e0000000, 0x0000000800000000)
  region size 1024K, 4 young (4096K), 1 survivors (1024K)
 Metaspace       used 3123K, capacity 6196K, committed 6272K, reserved 1056768K
  class space    used 289K, capacity 599K, committed 640K, reserved 1048576K
}
Event: 47517.757 GC heap after
{Heap after GC invocations=6 (full 1):
 garbage-first heap   total 20480K, used 7441K [0x00000007e0000000, 0x0000000800000000)
  region size 1024K, 1 young (1024K), 1 survivors (1024K)
 Metaspace       used 3123K, capacity 6196K, committed 6272K, reserved 1056768K
  class space    used 289K, capacity 599K, committed 640K, reserved 1048576K
}
Event: 47517.846 GC heap before
{Heap before GC invocations=6 (full 1):
 garbage-first heap   total 20480K, used 10513K [0x00000007e0000000, 0x0000000800000000)
  region size 1024K, 4 young (4096K), 1 survivors (1024K)
 Metaspace       used 3128K, capacity 6196K, committed 6272K, reserved 1056768K
  class space    used 289K, capacity 599K, committed 640K, reserved 1048576K
}
Event: 47517.850 GC heap after
{Heap after GC invocations=7 (full 1):
 garbage-first heap   total 20480K, used 8515K [0x00000007e0000000, 0x0000000800000000)
  region size 1024K, 1 young (1024K), 1 survivors (1024K)
 Metaspace       used 3128K, capacity 6196K, committed 6272K, reserved 1056768K
  class space    used 289K, capacity 599K, committed 640K, reserved 1048576K
}

