# JRE version: Java(TM) SE Runtime Environment (14.0.2+12) (build 14.0.2+12-46)
# Java VM: Java HotSpot(TM) 64-Bit Server VM (14.0.2+12-46, mixed mode, sharing, tiered, compressed oops, g1 gc, bsd-amd64)
Heap:
 garbage-first heap   total 20480K, used 8944K [0x00000007e0000000, 0x0000000800000000)
  region size 1024K, 3 young (3072K), 1 survivors (1024K)
 Metaspace       used 3198K, capacity 6196K, committed 6272K, reserved 1056768K
  class space    used 289K, capacity 599K, committed 640K, reserved 1048576K
GC Heap History (20 events):
Event: 230.605 GC heap before
{Heap before GC invocations=22 (full 6):
 garbage-first heap   total 34816K, used 16345K [0x00000007e0000000, 0x0000000800000000)
  region size 1024K, 6 young (6144K), 1 survivors (1024K)
 Metaspace       used 3195K, capacity 6196K, committed 6272K, reserved 1056768K
  class space    used 289K, capacity 599K, committed 640K, reserved 1048576K
}
Event: 230.607 GC heap after
{Heap after GC invocations=23 (full 6):
 garbage-first heap   total 34816K, used 12543K [0x00000007e0000000, 0x0000000800000000)
  region size 1024K, 1 young (1024K), 1 survivors (1024K)
 Metaspace       used 3195K, capacity 6196K, committed 6272K, reserved 1056768K
  class space    used 289K, capacity 599K, committed 640K, reserved 1048576K
}
Event: 230.623 GC heap before
{Heap before GC invocations=23 (full 6):
 garbage-first heap   total 34816K, used 18687K [0x00000007e0000000, 0x0000000800000000)
  region size 1024K, 7 young (7168K), 1 survivors (1024K)
 Metaspace       used 3195K, capacity 6196K, committed 6272K, reserved 1056768K
  class space    used 289K, capacity 599K, committed 640K, reserved 1048576K
}
Event: 230.627 GC heap after
{Heap after GC invocations=24 (full 6):
 garbage-first heap   total 148480K, used 14639K [0x00000007e0000000, 0x0000000800000000)
  region size 1024K, 1 young (1024K), 1 survivors (1024K)
 Metaspace       used 3195K, capacity 6196K, committed 6272K, reserved 1056768K
  class space    used 289K, capacity 599K, committed 640K, reserved 1048576K
}
Event: 232.247 GC heap before
{Heap before GC invocations=24 (full 6):
 garbage-first heap   total 148480K, used 74031K [0x00000007e0000000, 0x0000000800000000)
  region size 1024K, 60 young (61440K), 1 survivors (1024K)
 Metaspace       used 3198K, capacity 6196K, committed 6272K, reserved 1056768K
  class space    used 289K, capacity 599K, committed 640K, reserved 1048576K
}
Event: 232.258 GC heap after
{Heap after GC invocations=25 (full 7):
 garbage-first heap   total 17408K, used 2687K [0x00000007e0000000, 0x0000000800000000)
  region size 1024K, 0 young (0K), 0 survivors (0K)
 Metaspace       used 3198K, capacity 6196K, committed 6272K, reserved 1056768K
  class space    used 289K, capacity 599K, committed 640K, reserved 1048576K
}
Event: 232.265 GC heap before
{Heap before GC invocations=25 (full 7):
 garbage-first heap   total 17408K, used 5759K [0x00000007e0000000, 0x0000000800000000)
  region size 1024K, 3 young (3072K), 0 survivors (0K)
 Metaspace       used 3198K, capacity 6196K, committed 6272K, reserved 1056768K
  class space    used 289K, capacity 599K, committed 640K, reserved 1048576K
}
Event: 232.266 GC heap after
{Heap after GC invocations=26 (full 7):
 garbage-first heap   total 17408K, used 4401K [0x00000007e0000000, 0x0000000800000000)
  region size 1024K, 1 young (1024K), 1 survivors (1024K)
 Metaspace       used 3198K, capacity 6196K, committed 6272K, reserved 1056768K
  class space    used 289K, capacity 599K, committed 640K, reserved 1048576K
}
Event: 232.270 GC heap before
{Heap before GC invocations=26 (full 7):
 garbage-first heap   total 17408K, used 6449K [0x00000007e0000000, 0x0000000800000000)
  region size 1024K, 3 young (3072K), 1 survivors (1024K)
 Metaspace       used 3198K, capacity 6196K, committed 6272K, reserved 1056768K
  class space    used 289K, capacity 599K, committed 640K, reserved 1048576K
}
Event: 232.272 GC heap after
{Heap after GC invocations=27 (full 7):
 garbage-first heap   total 17408K, used 5277K [0x00000007e0000000, 0x0000000800000000)
  region size 1024K, 1 young (1024K), 1 survivors (1024K)
 Metaspace       used 3198K, capacity 6196K, committed 6272K, reserved 1056768K
  class space    used 289K, capacity 599K, committed 640K, reserved 1048576K
}
Event: 232.274 GC heap before
{Heap before GC invocations=27 (full 7):
 garbage-first heap   total 17408K, used 7325K [0x00000007e0000000, 0x0000000800000000)
  region size 1024K, 3 young (3072K), 1 survivors (1024K)
 Metaspace       used 3198K, capacity 6196K, committed 6272K, reserved 1056768K
  class space    used 289K, capacity 599K, committed 640K, reserved 1048576K
}
Event: 232.276 GC heap after
{Heap after GC invocations=28 (full 7):
 garbage-first heap   total 17408K, used 6012K [0x00000007e0000000, 0x0000000800000000)
  region size 1024K, 1 young (1024K), 1 survivors (1024K)
 Metaspace       used 3198K, capacity 6196K, committed 6272K, reserved 1056768K
  class space    used 289K, capacity 599K, committed 640K, reserved 1048576K
}
Event: 232.281 GC heap before
{Heap before GC invocations=28 (full 7):
 garbage-first heap   total 17408K, used 8060K [0x00000007e0000000, 0x0000000800000000)
  region size 1024K, 3 young (3072K), 1 survivors (1024K)
 Metaspace       used 3198K, capacity 6196K, committed 6272K, reserved 1056768K
  class space    used 289K, capacity 599K, committed 640K, reserved 1048576K
}
Event: 232.283 GC heap after
{Heap after GC invocations=29 (full 7):
 garbage-first heap   total 17408K, used 6969K [0x00000007e0000000, 0x0000000800000000)
  region size 1024K, 1 young (1024K), 1 survivors (1024K)
 Metaspace       used 3198K, capacity 6196K, committed 6272K, reserved 1056768K
  class space    used 289K, capacity 599K, committed 640K, reserved 1048576K
}
Event: 232.288 GC heap before
{Heap before GC invocations=29 (full 7):
 garbage-first heap   total 17408K, used 7993K [0x00000007e0000000, 0x0000000800000000)
  region size 1024K, 2 young (2048K), 1 survivors (1024K)
 Metaspace       used 3198K, capacity 6196K, committed 6272K, reserved 1056768K
  class space    used 289K, capacity 599K, committed 640K, reserved 1048576K
}
Event: 232.290 GC heap after
{Heap after GC invocations=30 (full 7):
 garbage-first heap   total 17408K, used 7208K [0x00000007e0000000, 0x0000000800000000)
  region size 1024K, 1 young (1024K), 1 survivors (1024K)
 Metaspace       used 3198K, capacity 6196K, committed 6272K, reserved 1056768K
  class space    used 289K, capacity 599K, committed 640K, reserved 1048576K
}
Event: 232.292 GC heap before
{Heap before GC invocations=30 (full 7):
 garbage-first heap   total 17408K, used 8232K [0x00000007e0000000, 0x0000000800000000)
  region size 1024K, 2 young (2048K), 1 survivors (1024K)
 Metaspace       used 3198K, capacity 6196K, committed 6272K, reserved 1056768K
  class space    used 289K, capacity 599K, committed 640K, reserved 1048576K
}
Event: 232.293 GC heap after
{Heap after GC invocations=31 (full 7):
 garbage-first heap   total 17408K, used 7564K [0x00000007e0000000, 0x0000000800000000)
  region size 1024K, 1 young (1024K), 1 survivors (1024K)
 Metaspace       used 3198K, capacity 6196K, committed 6272K, reserved 1056768K
  class space    used 289K, capacity 599K, committed 640K, reserved 1048576K
}
Event: 232.298 GC heap before
{Heap before GC invocations=31 (full 7):
 garbage-first heap   total 20480K, used 8588K [0x00000007e0000000, 0x0000000800000000)
  region size 1024K, 2 young (2048K), 1 survivors (1024K)
 Metaspace       used 3198K, capacity 6196K, committed 6272K, reserved 1056768K
  class space    used 289K, capacity 599K, committed 640K, reserved 1048576K
}
Event: 232.299 GC heap after
{Heap after GC invocations=32 (full 7):
 garbage-first heap   total 20480K, used 7920K [0x00000007e0000000, 0x0000000800000000)
  region size 1024K, 1 young (1024K), 1 survivors (1024K)
 Metaspace       used 3198K, capacity 6196K, committed 6272K, reserved 1056768K
  class space    used 289K, capacity 599K, committed 640K, reserved 1048576K
}

