# JRE version: Java(TM) SE Runtime Environment (14.0.2+12) (build 14.0.2+12-46)
# Java VM: Java HotSpot(TM) 64-Bit Server VM (14.0.2+12-46, mixed mode, sharing, tiered, compressed oops, g1 gc, bsd-amd64)
Heap:
 garbage-first heap   total 24576K, used 11430K [0x00000007e0000000, 0x0000000800000000)
  region size 1024K, 2 young (2048K), 1 survivors (1024K)
 Metaspace       used 3702K, capacity 6451K, committed 6528K, reserved 1056768K
  class space    used 335K, capacity 623K, committed 640K, reserved 1048576K
GC Heap History (20 events):
Event: 34.135 GC heap before
{Heap before GC invocations=2 (full 1):
 garbage-first heap   total 17408K, used 8929K [0x00000007e0000000, 0x0000000800000000)
  region size 1024K, 7 young (7168K), 1 survivors (1024K)
 Metaspace       used 3527K, capacity 6387K, committed 6528K, reserved 1056768K
  class space    used 332K, capacity 623K, committed 640K, reserved 1048576K
}
Event: 34.139 GC heap after
{Heap after GC invocations=3 (full 1):
 garbage-first heap   total 19456K, used 8737K [0x00000007e0000000, 0x0000000800000000)
  region size 1024K, 1 young (1024K), 1 survivors (1024K)
 Metaspace       used 3527K, capacity 6387K, committed 6528K, reserved 1056768K
  class space    used 332K, capacity 623K, committed 640K, reserved 1048576K
}
Event: 34.169 GC heap before
{Heap before GC invocations=3 (full 1):
 garbage-first heap   total 19456K, used 9761K [0x00000007e0000000, 0x0000000800000000)
  region size 1024K, 2 young (2048K), 1 survivors (1024K)
 Metaspace       used 3598K, capacity 6387K, committed 6528K, reserved 1056768K
  class space    used 334K, capacity 623K, committed 640K, reserved 1048576K
}
Event: 34.171 GC heap after
{Heap after GC invocations=4 (full 1):
 garbage-first heap   total 19456K, used 9798K [0x00000007e0000000, 0x0000000800000000)
  region size 1024K, 1 young (1024K), 1 survivors (1024K)
 Metaspace       used 3598K, capacity 6387K, committed 6528K, reserved 1056768K
  class space    used 334K, capacity 623K, committed 640K, reserved 1048576K
}
Event: 34.208 GC heap before
{Heap before GC invocations=5 (full 1):
 garbage-first heap   total 24576K, used 10822K [0x00000007e0000000, 0x0000000800000000)
  region size 1024K, 2 young (2048K), 1 survivors (1024K)
 Metaspace       used 3633K, capacity 6451K, committed 6528K, reserved 1056768K
  class space    used 334K, capacity 623K, committed 640K, reserved 1048576K
}
Event: 34.210 GC heap after
{Heap after GC invocations=6 (full 1):
 garbage-first heap   total 24576K, used 10842K [0x00000007e0000000, 0x0000000800000000)
  region size 1024K, 1 young (1024K), 1 survivors (1024K)
 Metaspace       used 3633K, capacity 6451K, committed 6528K, reserved 1056768K
  class space    used 334K, capacity 623K, committed 640K, reserved 1048576K
}
Event: 34.242 GC heap before
{Heap before GC invocations=6 (full 1):
 garbage-first heap   total 24576K, used 11866K [0x00000007e0000000, 0x0000000800000000)
  region size 1024K, 2 young (2048K), 1 survivors (1024K)
 Metaspace       used 3641K, capacity 6451K, committed 6528K, reserved 1056768K
  class space    used 334K, capacity 623K, committed 640K, reserved 1048576K
}
Event: 34.244 GC heap after
{Heap after GC invocations=7 (full 1):
 garbage-first heap   total 24576K, used 11665K [0x00000007e0000000, 0x0000000800000000)
  region size 1024K, 1 young (1024K), 1 survivors (1024K)
 Metaspace       used 3641K, capacity 6451K, committed 6528K, reserved 1056768K
  class space    used 334K, capacity 623K, committed 640K, reserved 1048576K
}
Event: 34.305 GC heap before
{Heap before GC invocations=7 (full 1):
 garbage-first heap   total 24576K, used 13713K [0x00000007e0000000, 0x0000000800000000)
  region size 1024K, 3 young (3072K), 1 survivors (1024K)
 Metaspace       used 3660K, capacity 6451K, committed 6528K, reserved 1056768K
  class space    used 334K, capacity 623K, committed 640K, reserved 1048576K
}
Event: 34.307 GC heap after
{Heap after GC invocations=8 (full 1):
 garbage-first heap   total 24576K, used 13446K [0x00000007e0000000, 0x0000000800000000)
  region size 1024K, 1 young (1024K), 1 survivors (1024K)
 Metaspace       used 3660K, capacity 6451K, committed 6528K, reserved 1056768K
  class space    used 334K, capacity 623K, committed 640K, reserved 1048576K
}
Event: 34.344 GC heap before
{Heap before GC invocations=9 (full 1):
 garbage-first heap   total 27648K, used 14470K [0x00000007e0000000, 0x0000000800000000)
  region size 1024K, 2 young (2048K), 1 survivors (1024K)
 Metaspace       used 3661K, capacity 6451K, committed 6528K, reserved 1056768K
  class space    used 334K, capacity 623K, committed 640K, reserved 1048576K
}
Event: 34.345 GC heap after
{Heap after GC invocations=10 (full 1):
 garbage-first heap   total 27648K, used 14370K [0x00000007e0000000, 0x0000000800000000)
  region size 1024K, 1 young (1024K), 1 survivors (1024K)
 Metaspace       used 3661K, capacity 6451K, committed 6528K, reserved 1056768K
  class space    used 334K, capacity 623K, committed 640K, reserved 1048576K
}
Event: 36.553 GC heap before
{Heap before GC invocations=10 (full 1):
 garbage-first heap   total 27648K, used 15394K [0x00000007e0000000, 0x0000000800000000)
  region size 1024K, 3 young (3072K), 1 survivors (1024K)
 Metaspace       used 3665K, capacity 6451K, committed 6528K, reserved 1056768K
  class space    used 334K, capacity 623K, committed 640K, reserved 1048576K
}
Event: 36.562 GC heap after
{Heap after GC invocations=11 (full 2):
 garbage-first heap   total 24576K, used 4095K [0x00000007e0000000, 0x0000000800000000)
  region size 1024K, 0 young (0K), 0 survivors (0K)
 Metaspace       used 3665K, capacity 6451K, committed 6528K, reserved 1056768K
  class space    used 334K, capacity 623K, committed 640K, reserved 1048576K
}
Event: 36.609 GC heap before
{Heap before GC invocations=11 (full 2):
 garbage-first heap   total 24576K, used 8191K [0x00000007e0000000, 0x0000000800000000)
  region size 1024K, 4 young (4096K), 0 survivors (0K)
 Metaspace       used 3702K, capacity 6451K, committed 6528K, reserved 1056768K
  class space    used 335K, capacity 623K, committed 640K, reserved 1048576K
}
Event: 36.610 GC heap after
{Heap after GC invocations=12 (full 2):
 garbage-first heap   total 24576K, used 8302K [0x00000007e0000000, 0x0000000800000000)
  region size 1024K, 1 young (1024K), 1 survivors (1024K)
 Metaspace       used 3702K, capacity 6451K, committed 6528K, reserved 1056768K
  class space    used 335K, capacity 623K, committed 640K, reserved 1048576K
}
Event: 36.635 GC heap before
{Heap before GC invocations=12 (full 2):
 garbage-first heap   total 24576K, used 10350K [0x00000007e0000000, 0x0000000800000000)
  region size 1024K, 3 young (3072K), 1 survivors (1024K)
 Metaspace       used 3702K, capacity 6451K, committed 6528K, reserved 1056768K
  class space    used 335K, capacity 623K, committed 640K, reserved 1048576K
}
Event: 36.637 GC heap after
{Heap after GC invocations=13 (full 2):
 garbage-first heap   total 24576K, used 10239K [0x00000007e0000000, 0x0000000800000000)
  region size 1024K, 1 young (1024K), 1 survivors (1024K)
 Metaspace       used 3702K, capacity 6451K, committed 6528K, reserved 1056768K
  class space    used 335K, capacity 623K, committed 640K, reserved 1048576K
}
Event: 36.647 GC heap before
{Heap before GC invocations=13 (full 2):
 garbage-first heap   total 24576K, used 11263K [0x00000007e0000000, 0x0000000800000000)
  region size 1024K, 2 young (2048K), 1 survivors (1024K)
 Metaspace       used 3702K, capacity 6451K, committed 6528K, reserved 1056768K
  class space    used 335K, capacity 623K, committed 640K, reserved 1048576K
}
Event: 36.648 GC heap after
{Heap after GC invocations=14 (full 2):
 garbage-first heap   total 24576K, used 11430K [0x00000007e0000000, 0x0000000800000000)
  region size 1024K, 1 young (1024K), 1 survivors (1024K)
 Metaspace       used 3702K, capacity 6451K, committed 6528K, reserved 1056768K
  class space    used 335K, capacity 623K, committed 640K, reserved 1048576K
}

