# JRE version: Java(TM) SE Runtime Environment (14.0.2+12) (build 14.0.2+12-46)
# Java VM: Java HotSpot(TM) 64-Bit Server VM (14.0.2+12-46, mixed mode, sharing, tiered, compressed oops, g1 gc, bsd-amd64)
Heap:
 garbage-first heap   total 14336K, used 7211K [0x00000007e0000000, 0x0000000800000000)
  region size 1024K, 2 young (2048K), 1 survivors (1024K)
 Metaspace       used 3803K, capacity 6435K, committed 6528K, reserved 1056768K
  class space    used 332K, capacity 615K, committed 640K, reserved 1048576K
GC Heap History (20 events):
Event: 142.108 GC heap before
{Heap before GC invocations=48 (full 33):
 garbage-first heap   total 14336K, used 2310K [0x00000007e0000000, 0x0000000800000000)
  region size 1024K, 1 young (1024K), 0 survivors (0K)
 Metaspace       used 3480K, capacity 6237K, committed 6528K, reserved 1056768K
  class space    used 315K, capacity 613K, committed 640K, reserved 1048576K
}
Event: 142.115 GC heap after
{Heap after GC invocations=49 (full 34):
 garbage-first heap   total 14336K, used 2297K [0x00000007e0000000, 0x0000000800000000)
  region size 1024K, 0 young (0K), 0 survivors (0K)
 Metaspace       used 3480K, capacity 6237K, committed 6528K, reserved 1056768K
  class space    used 315K, capacity 613K, committed 640K, reserved 1048576K
}
Event: 142.167 GC heap before
{Heap before GC invocations=49 (full 34):
 garbage-first heap   total 14336K, used 4345K [0x00000007e0000000, 0x0000000800000000)
  region size 1024K, 2 young (2048K), 0 survivors (0K)
 Metaspace       used 3611K, capacity 6307K, committed 6528K, reserved 1056768K
  class space    used 321K, capacity 615K, committed 640K, reserved 1048576K
}
Event: 142.167 GC heap after
{Heap after GC invocations=50 (full 34):
 garbage-first heap   total 14336K, used 2478K [0x00000007e0000000, 0x0000000800000000)
  region size 1024K, 1 young (1024K), 1 survivors (1024K)
 Metaspace       used 3611K, capacity 6307K, committed 6528K, reserved 1056768K
  class space    used 321K, capacity 615K, committed 640K, reserved 1048576K
}
Event: 142.200 GC heap before
{Heap before GC invocations=50 (full 34):
 garbage-first heap   total 14336K, used 3502K [0x00000007e0000000, 0x0000000800000000)
  region size 1024K, 3 young (3072K), 1 survivors (1024K)
 Metaspace       used 3754K, capacity 6371K, committed 6528K, reserved 1056768K
  class space    used 332K, capacity 615K, committed 640K, reserved 1048576K
}
Event: 142.209 GC heap after
{Heap after GC invocations=51 (full 35):
 garbage-first heap   total 14336K, used 2481K [0x00000007e0000000, 0x0000000800000000)
  region size 1024K, 0 young (0K), 0 survivors (0K)
 Metaspace       used 3754K, capacity 6371K, committed 6528K, reserved 1056768K
  class space    used 332K, capacity 615K, committed 640K, reserved 1048576K
}
Event: 142.230 GC heap before
{Heap before GC invocations=51 (full 35):
 garbage-first heap   total 14336K, used 2481K [0x00000007e0000000, 0x0000000800000000)
  region size 1024K, 1 young (1024K), 0 survivors (0K)
 Metaspace       used 3760K, capacity 6371K, committed 6528K, reserved 1056768K
  class space    used 332K, capacity 615K, committed 640K, reserved 1048576K
}
Event: 142.238 GC heap after
{Heap after GC invocations=52 (full 36):
 garbage-first heap   total 14336K, used 2490K [0x00000007e0000000, 0x0000000800000000)
  region size 1024K, 0 young (0K), 0 survivors (0K)
 Metaspace       used 3760K, capacity 6371K, committed 6528K, reserved 1056768K
  class space    used 332K, capacity 615K, committed 640K, reserved 1048576K
}
Event: 152.637 GC heap before
{Heap before GC invocations=52 (full 36):
 garbage-first heap   total 14336K, used 3514K [0x00000007e0000000, 0x0000000800000000)
  region size 1024K, 2 young (2048K), 0 survivors (0K)
 Metaspace       used 3796K, capacity 6435K, committed 6528K, reserved 1056768K
  class space    used 332K, capacity 615K, committed 640K, reserved 1048576K
}
Event: 152.652 GC heap after
{Heap after GC invocations=53 (full 37):
 garbage-first heap   total 14336K, used 3396K [0x00000007e0000000, 0x0000000800000000)
  region size 1024K, 0 young (0K), 0 survivors (0K)
 Metaspace       used 3796K, capacity 6435K, committed 6528K, reserved 1056768K
  class space    used 332K, capacity 615K, committed 640K, reserved 1048576K
}
Event: 152.665 GC heap before
{Heap before GC invocations=53 (full 37):
 garbage-first heap   total 14336K, used 5444K [0x00000007e0000000, 0x0000000800000000)
  region size 1024K, 2 young (2048K), 0 survivors (0K)
 Metaspace       used 3803K, capacity 6435K, committed 6528K, reserved 1056768K
  class space    used 332K, capacity 615K, committed 640K, reserved 1048576K
}
Event: 152.667 GC heap after
{Heap after GC invocations=54 (full 37):
 garbage-first heap   total 14336K, used 4610K [0x00000007e0000000, 0x0000000800000000)
  region size 1024K, 1 young (1024K), 1 survivors (1024K)
 Metaspace       used 3803K, capacity 6435K, committed 6528K, reserved 1056768K
  class space    used 332K, capacity 615K, committed 640K, reserved 1048576K
}
Event: 152.672 GC heap before
{Heap before GC invocations=54 (full 37):
 garbage-first heap   total 14336K, used 5634K [0x00000007e0000000, 0x0000000800000000)
  region size 1024K, 2 young (2048K), 1 survivors (1024K)
 Metaspace       used 3803K, capacity 6435K, committed 6528K, reserved 1056768K
  class space    used 332K, capacity 615K, committed 640K, reserved 1048576K
}
Event: 152.678 GC heap after
{Heap after GC invocations=55 (full 37):
 garbage-first heap   total 14336K, used 5220K [0x00000007e0000000, 0x0000000800000000)
  region size 1024K, 1 young (1024K), 1 survivors (1024K)
 Metaspace       used 3803K, capacity 6435K, committed 6528K, reserved 1056768K
  class space    used 332K, capacity 615K, committed 640K, reserved 1048576K
}
Event: 152.681 GC heap before
{Heap before GC invocations=55 (full 37):
 garbage-first heap   total 14336K, used 6244K [0x00000007e0000000, 0x0000000800000000)
  region size 1024K, 2 young (2048K), 1 survivors (1024K)
 Metaspace       used 3803K, capacity 6435K, committed 6528K, reserved 1056768K
  class space    used 332K, capacity 615K, committed 640K, reserved 1048576K
}
Event: 152.684 GC heap after
{Heap after GC invocations=56 (full 37):
 garbage-first heap   total 14336K, used 6019K [0x00000007e0000000, 0x0000000800000000)
  region size 1024K, 1 young (1024K), 1 survivors (1024K)
 Metaspace       used 3803K, capacity 6435K, committed 6528K, reserved 1056768K
  class space    used 332K, capacity 615K, committed 640K, reserved 1048576K
}
Event: 152.687 GC heap before
{Heap before GC invocations=56 (full 37):
 garbage-first heap   total 14336K, used 7043K [0x00000007e0000000, 0x0000000800000000)
  region size 1024K, 2 young (2048K), 1 survivors (1024K)
 Metaspace       used 3803K, capacity 6435K, committed 6528K, reserved 1056768K
  class space    used 332K, capacity 615K, committed 640K, reserved 1048576K
}
Event: 152.689 GC heap after
{Heap after GC invocations=57 (full 37):
 garbage-first heap   total 14336K, used 6551K [0x00000007e0000000, 0x0000000800000000)
  region size 1024K, 1 young (1024K), 1 survivors (1024K)
 Metaspace       used 3803K, capacity 6435K, committed 6528K, reserved 1056768K
  class space    used 332K, capacity 615K, committed 640K, reserved 1048576K
}
Event: 152.699 GC heap before
{Heap before GC invocations=57 (full 37):
 garbage-first heap   total 14336K, used 7575K [0x00000007e0000000, 0x0000000800000000)
  region size 1024K, 2 young (2048K), 1 survivors (1024K)
 Metaspace       used 3803K, capacity 6435K, committed 6528K, reserved 1056768K
  class space    used 332K, capacity 615K, committed 640K, reserved 1048576K
}
Event: 152.700 GC heap after
{Heap after GC invocations=58 (full 37):
 garbage-first heap   total 14336K, used 7211K [0x00000007e0000000, 0x0000000800000000)
  region size 1024K, 1 young (1024K), 1 survivors (1024K)
 Metaspace       used 3803K, capacity 6435K, committed 6528K, reserved 1056768K
  class space    used 332K, capacity 615K, committed 640K, reserved 1048576K
}

