# JRE version: Java(TM) SE Runtime Environment (14.0.2+12) (build 14.0.2+12-46)
# Java VM: Java HotSpot(TM) 64-Bit Server VM (14.0.2+12-46, mixed mode, sharing, tiered, compressed oops, g1 gc, bsd-amd64)
Heap:
 garbage-first heap   total 24576K, used 9170K [0x00000007e0000000, 0x0000000800000000)
  region size 1024K, 2 young (2048K), 1 survivors (1024K)
 Metaspace       used 3319K, capacity 6281K, committed 6528K, reserved 1056768K
  class space    used 311K, capacity 606K, committed 640K, reserved 1048576K
GC Heap History (8 events):
Event: 303.930 GC heap before
{Heap before GC invocations=0 (full 0):
 garbage-first heap   total 264192K, used 6960K [0x00000007e0000000, 0x0000000800000000)
  region size 1024K, 8 young (8192K), 0 survivors (0K)
 Metaspace       used 2928K, capacity 6131K, committed 6272K, reserved 1056768K
  class space    used 289K, capacity 599K, committed 640K, reserved 1048576K
}
Event: 303.936 GC heap after
{Heap after GC invocations=1 (full 1):
 garbage-first heap   total 20480K, used 2241K [0x00000007e0000000, 0x0000000800000000)
  region size 1024K, 0 young (0K), 0 survivors (0K)
 Metaspace       used 2928K, capacity 6131K, committed 6272K, reserved 1056768K
  class space    used 289K, capacity 599K, committed 640K, reserved 1048576K
}
Event: 330.175 GC heap before
{Heap before GC invocations=1 (full 1):
 garbage-first heap   total 20480K, used 8385K [0x00000007e0000000, 0x0000000800000000)
  region size 1024K, 5 young (5120K), 0 survivors (0K)
 Metaspace       used 3173K, capacity 6217K, committed 6528K, reserved 1056768K
  class space    used 301K, capacity 606K, committed 640K, reserved 1048576K
}
Event: 330.178 GC heap after
{Heap after GC invocations=2 (full 1):
 garbage-first heap   total 20480K, used 4215K [0x00000007e0000000, 0x0000000800000000)
  region size 1024K, 1 young (1024K), 1 survivors (1024K)
 Metaspace       used 3173K, capacity 6217K, committed 6528K, reserved 1056768K
  class space    used 301K, capacity 606K, committed 640K, reserved 1048576K
}
Event: 330.195 GC heap before
{Heap before GC invocations=2 (full 1):
 garbage-first heap   total 20480K, used 8311K [0x00000007e0000000, 0x0000000800000000)
  region size 1024K, 5 young (5120K), 1 survivors (1024K)
 Metaspace       used 3258K, capacity 6281K, committed 6528K, reserved 1056768K
  class space    used 306K, capacity 606K, committed 640K, reserved 1048576K
}
Event: 330.197 GC heap after
{Heap after GC invocations=3 (full 1):
 garbage-first heap   total 20480K, used 8067K [0x00000007e0000000, 0x0000000800000000)
  region size 1024K, 1 young (1024K), 1 survivors (1024K)
 Metaspace       used 3258K, capacity 6281K, committed 6528K, reserved 1056768K
  class space    used 306K, capacity 606K, committed 640K, reserved 1048576K
}
Event: 330.202 GC heap before
{Heap before GC invocations=3 (full 1):
 garbage-first heap   total 20480K, used 9091K [0x00000007e0000000, 0x0000000800000000)
  region size 1024K, 2 young (2048K), 1 survivors (1024K)
 Metaspace       used 3259K, capacity 6281K, committed 6528K, reserved 1056768K
  class space    used 306K, capacity 606K, committed 640K, reserved 1048576K
}
Event: 330.205 GC heap after
{Heap after GC invocations=4 (full 1):
 garbage-first heap   total 20480K, used 9170K [0x00000007e0000000, 0x0000000800000000)
  region size 1024K, 1 young (1024K), 1 survivors (1024K)
 Metaspace       used 3259K, capacity 6281K, committed 6528K, reserved 1056768K
  class space    used 306K, capacity 606K, committed 640K, reserved 1048576K
}

