# JRE version: Java(TM) SE Runtime Environment (14.0.2+12) (build 14.0.2+12-46)
# Java VM: Java HotSpot(TM) 64-Bit Server VM (14.0.2+12-46, mixed mode, sharing, tiered, compressed oops, g1 gc, bsd-amd64)
Heap:
 garbage-first heap   total 20480K, used 4651K [0x00000007e0000000, 0x0000000800000000)
  region size 1024K, 1 young (1024K), 0 survivors (0K)
 Metaspace       used 3251K, capacity 6220K, committed 6528K, reserved 1056768K
  class space    used 303K, capacity 609K, committed 640K, reserved 1048576K
GC Heap History (8 events):
Event: 2.336 GC heap before
{Heap before GC invocations=0 (full 0):
 garbage-first heap   total 264192K, used 9008K [0x00000007e0000000, 0x0000000800000000)
  region size 1024K, 9 young (9216K), 0 survivors (0K)
 Metaspace       used 3039K, capacity 6155K, committed 6272K, reserved 1056768K
  class space    used 300K, capacity 609K, committed 640K, reserved 1048576K
}
Event: 2.344 GC heap after
{Heap after GC invocations=1 (full 1):
 garbage-first heap   total 20480K, used 2661K [0x00000007e0000000, 0x0000000800000000)
  region size 1024K, 0 young (0K), 0 survivors (0K)
 Metaspace       used 3039K, capacity 6155K, committed 6272K, reserved 1056768K
  class space    used 300K, capacity 609K, committed 640K, reserved 1048576K
}
Event: 2.500 GC heap before
{Heap before GC invocations=1 (full 1):
 garbage-first heap   total 20480K, used 7781K [0x00000007e0000000, 0x0000000800000000)
  region size 1024K, 5 young (5120K), 0 survivors (0K)
 Metaspace       used 3219K, capacity 6220K, committed 6528K, reserved 1056768K
  class space    used 302K, capacity 609K, committed 640K, reserved 1048576K
}
Event: 2.503 GC heap after
{Heap after GC invocations=2 (full 1):
 garbage-first heap   total 20480K, used 4638K [0x00000007e0000000, 0x0000000800000000)
  region size 1024K, 1 young (1024K), 1 survivors (1024K)
 Metaspace       used 3219K, capacity 6220K, committed 6528K, reserved 1056768K
  class space    used 302K, capacity 609K, committed 640K, reserved 1048576K
}
Event: 2.564 GC heap before
{Heap before GC invocations=2 (full 1):
 garbage-first heap   total 20480K, used 7710K [0x00000007e0000000, 0x0000000800000000)
  region size 1024K, 4 young (4096K), 1 survivors (1024K)
 Metaspace       used 3220K, capacity 6220K, committed 6528K, reserved 1056768K
  class space    used 302K, capacity 609K, committed 640K, reserved 1048576K
}
Event: 2.566 GC heap after
{Heap after GC invocations=3 (full 1):
 garbage-first heap   total 20480K, used 5237K [0x00000007e0000000, 0x0000000800000000)
  region size 1024K, 1 young (1024K), 1 survivors (1024K)
 Metaspace       used 3220K, capacity 6220K, committed 6528K, reserved 1056768K
  class space    used 302K, capacity 609K, committed 640K, reserved 1048576K
}
Event: 2.911 GC heap before
{Heap before GC invocations=3 (full 1):
 garbage-first heap   total 20480K, used 6261K [0x00000007e0000000, 0x0000000800000000)
  region size 1024K, 3 young (3072K), 1 survivors (1024K)
 Metaspace       used 3239K, capacity 6220K, committed 6528K, reserved 1056768K
  class space    used 302K, capacity 609K, committed 640K, reserved 1048576K
}
Event: 2.922 GC heap after
{Heap after GC invocations=4 (full 2):
 garbage-first heap   total 20480K, used 4651K [0x00000007e0000000, 0x0000000800000000)
  region size 1024K, 0 young (0K), 0 survivors (0K)
 Metaspace       used 3239K, capacity 6220K, committed 6528K, reserved 1056768K
  class space    used 302K, capacity 609K, committed 640K, reserved 1048576K
}

