# JRE version: Java(TM) SE Runtime Environment (14.0.2+12) (build 14.0.2+12-46)
# Java VM: Java HotSpot(TM) 64-Bit Server VM (14.0.2+12-46, mixed mode, sharing, tiered, compressed oops, g1 gc, bsd-amd64)
Heap:
 garbage-first heap   total 17408K, used 7505K [0x00000007e0000000, 0x0000000800000000)
  region size 1024K, 2 young (2048K), 1 survivors (1024K)
 Metaspace       used 2986K, capacity 6121K, committed 6272K, reserved 1056768K
  class space    used 271K, capacity 595K, committed 640K, reserved 1048576K
GC Heap History (10 events):
Event: 122.707 GC heap before
{Heap before GC invocations=0 (full 0):
 garbage-first heap   total 264192K, used 7984K [0x00000007e0000000, 0x0000000800000000)
  region size 1024K, 8 young (8192K), 0 survivors (0K)
 Metaspace       used 2805K, capacity 6024K, committed 6272K, reserved 1056768K
  class space    used 269K, capacity 563K, committed 640K, reserved 1048576K
}
Event: 122.717 GC heap after
{Heap after GC invocations=1 (full 1):
 garbage-first heap   total 17408K, used 3108K [0x00000007e0000000, 0x0000000800000000)
  region size 1024K, 0 young (0K), 0 survivors (0K)
 Metaspace       used 2805K, capacity 6024K, committed 6272K, reserved 1056768K
  class space    used 269K, capacity 563K, committed 640K, reserved 1048576K
}
Event: 122.906 GC heap before
{Heap before GC invocations=1 (full 1):
 garbage-first heap   total 17408K, used 7204K [0x00000007e0000000, 0x0000000800000000)
  region size 1024K, 4 young (4096K), 0 survivors (0K)
 Metaspace       used 2985K, capacity 6121K, committed 6272K, reserved 1056768K
  class space    used 271K, capacity 595K, committed 640K, reserved 1048576K
}
Event: 122.910 GC heap after
{Heap after GC invocations=2 (full 1):
 garbage-first heap   total 17408K, used 5574K [0x00000007e0000000, 0x0000000800000000)
  region size 1024K, 1 young (1024K), 1 survivors (1024K)
 Metaspace       used 2985K, capacity 6121K, committed 6272K, reserved 1056768K
  class space    used 271K, capacity 595K, committed 640K, reserved 1048576K
}
Event: 122.920 GC heap before
{Heap before GC invocations=2 (full 1):
 garbage-first heap   total 17408K, used 6598K [0x00000007e0000000, 0x0000000800000000)
  region size 1024K, 2 young (2048K), 1 survivors (1024K)
 Metaspace       used 2985K, capacity 6121K, committed 6272K, reserved 1056768K
  class space    used 271K, capacity 595K, committed 640K, reserved 1048576K
}
Event: 122.923 GC heap after
{Heap after GC invocations=3 (full 1):
 garbage-first heap   total 17408K, used 6317K [0x00000007e0000000, 0x0000000800000000)
  region size 1024K, 1 young (1024K), 1 survivors (1024K)
 Metaspace       used 2985K, capacity 6121K, committed 6272K, reserved 1056768K
  class space    used 271K, capacity 595K, committed 640K, reserved 1048576K
}
Event: 122.932 GC heap before
{Heap before GC invocations=3 (full 1):
 garbage-first heap   total 17408K, used 7341K [0x00000007e0000000, 0x0000000800000000)
  region size 1024K, 2 young (2048K), 1 survivors (1024K)
 Metaspace       used 2985K, capacity 6121K, committed 6272K, reserved 1056768K
  class space    used 271K, capacity 595K, committed 640K, reserved 1048576K
}
Event: 122.934 GC heap after
{Heap after GC invocations=4 (full 1):
 garbage-first heap   total 17408K, used 6667K [0x00000007e0000000, 0x0000000800000000)
  region size 1024K, 1 young (1024K), 1 survivors (1024K)
 Metaspace       used 2985K, capacity 6121K, committed 6272K, reserved 1056768K
  class space    used 271K, capacity 595K, committed 640K, reserved 1048576K
}
Event: 122.943 GC heap before
{Heap before GC invocations=4 (full 1):
 garbage-first heap   total 17408K, used 7691K [0x00000007e0000000, 0x0000000800000000)
  region size 1024K, 2 young (2048K), 1 survivors (1024K)
 Metaspace       used 2986K, capacity 6121K, committed 6272K, reserved 1056768K
  class space    used 271K, capacity 595K, committed 640K, reserved 1048576K
}
Event: 122.946 GC heap after
{Heap after GC invocations=5 (full 1):
 garbage-first heap   total 17408K, used 7505K [0x00000007e0000000, 0x0000000800000000)
  region size 1024K, 1 young (1024K), 1 survivors (1024K)
 Metaspace       used 2986K, capacity 6121K, committed 6272K, reserved 1056768K
  class space    used 271K, capacity 595K, committed 640K, reserved 1048576K
}

