# JRE version: OpenJDK Runtime Environment (13.0.1+9) (build 13.0.1+9)
# Java VM: OpenJDK 64-Bit Server VM (13.0.1+9, mixed mode, sharing, tiered, compressed oops, g1 gc, bsd-amd64)
Heap:
 garbage-first heap   total 14336K, used 2591K [0x00000007e0000000, 0x0000000800000000)
  region size 1024K, 1 young (1024K), 0 survivors (0K)
 Metaspace       used 4042K, capacity 6554K, committed 6784K, reserved 1056768K
  class space    used 337K, capacity 612K, committed 640K, reserved 1048576K
GC Heap History (20 events):
Event: 146.057 GC heap before
{Heap before GC invocations=126 (full 126):
 garbage-first heap   total 14336K, used 2673K [0x00000007e0000000, 0x0000000800000000)
  region size 1024K, 1 young (1024K), 0 survivors (0K)
 Metaspace       used 4020K, capacity 6554K, committed 6784K, reserved 1056768K
  class space    used 336K, capacity 612K, committed 640K, reserved 1048576K
}
Event: 146.066 GC heap after
{Heap after GC invocations=127 (full 127):
 garbage-first heap   total 14336K, used 2681K [0x00000007e0000000, 0x0000000800000000)
  region size 1024K, 0 young (0K), 0 survivors (0K)
 Metaspace       used 4020K, capacity 6554K, committed 6784K, reserved 1056768K
  class space    used 336K, capacity 612K, committed 640K, reserved 1048576K
}
Event: 146.104 GC heap before
{Heap before GC invocations=127 (full 127):
 garbage-first heap   total 14336K, used 2681K [0x00000007e0000000, 0x0000000800000000)
  region size 1024K, 1 young (1024K), 0 survivors (0K)
 Metaspace       used 4022K, capacity 6554K, committed 6784K, reserved 1056768K
  class space    used 336K, capacity 612K, committed 640K, reserved 1048576K
}
Event: 146.113 GC heap after
{Heap after GC invocations=128 (full 128):
 garbage-first heap   total 14336K, used 2739K [0x00000007e0000000, 0x0000000800000000)
  region size 1024K, 0 young (0K), 0 survivors (0K)
 Metaspace       used 4022K, capacity 6554K, committed 6784K, reserved 1056768K
  class space    used 336K, capacity 612K, committed 640K, reserved 1048576K
}
Event: 146.137 GC heap before
{Heap before GC invocations=128 (full 128):
 garbage-first heap   total 14336K, used 2739K [0x00000007e0000000, 0x0000000800000000)
  region size 1024K, 1 young (1024K), 0 survivors (0K)
 Metaspace       used 4032K, capacity 6554K, committed 6784K, reserved 1056768K
  class space    used 336K, capacity 612K, committed 640K, reserved 1048576K
}
Event: 146.146 GC heap after
{Heap after GC invocations=129 (full 129):
 garbage-first heap   total 14336K, used 2748K [0x00000007e0000000, 0x0000000800000000)
  region size 1024K, 0 young (0K), 0 survivors (0K)
 Metaspace       used 4032K, capacity 6554K, committed 6784K, reserved 1056768K
  class space    used 336K, capacity 612K, committed 640K, reserved 1048576K
}
Event: 288.827 GC heap before
{Heap before GC invocations=129 (full 129):
 garbage-first heap   total 14336K, used 2748K [0x00000007e0000000, 0x0000000800000000)
  region size 1024K, 2 young (2048K), 0 survivors (0K)
 Metaspace       used 4037K, capacity 6554K, committed 6784K, reserved 1056768K
  class space    used 336K, capacity 612K, committed 640K, reserved 1048576K
}
Event: 288.839 GC heap after
{Heap after GC invocations=130 (full 130):
 garbage-first heap   total 14336K, used 2713K [0x00000007e0000000, 0x0000000800000000)
  region size 1024K, 0 young (0K), 0 survivors (0K)
 Metaspace       used 4037K, capacity 6554K, committed 6784K, reserved 1056768K
  class space    used 336K, capacity 612K, committed 640K, reserved 1048576K
}
Event: 288.865 GC heap before
{Heap before GC invocations=130 (full 130):
 garbage-first heap   total 14336K, used 2713K [0x00000007e0000000, 0x0000000800000000)
  region size 1024K, 1 young (1024K), 0 survivors (0K)
 Metaspace       used 4037K, capacity 6554K, committed 6784K, reserved 1056768K
  class space    used 336K, capacity 612K, committed 640K, reserved 1048576K
}
Event: 288.876 GC heap after
{Heap after GC invocations=131 (full 131):
 garbage-first heap   total 14336K, used 2668K [0x00000007e0000000, 0x0000000800000000)
  region size 1024K, 0 young (0K), 0 survivors (0K)
 Metaspace       used 4037K, capacity 6554K, committed 6784K, reserved 1056768K
  class space    used 336K, capacity 612K, committed 640K, reserved 1048576K
}
Event: 316.484 GC heap before
{Heap before GC invocations=131 (full 131):
 garbage-first heap   total 14336K, used 2668K [0x00000007e0000000, 0x0000000800000000)
  region size 1024K, 2 young (2048K), 0 survivors (0K)
 Metaspace       used 4037K, capacity 6554K, committed 6784K, reserved 1056768K
  class space    used 336K, capacity 612K, committed 640K, reserved 1048576K
}
Event: 316.497 GC heap after
{Heap after GC invocations=132 (full 132):
 garbage-first heap   total 14336K, used 2670K [0x00000007e0000000, 0x0000000800000000)
  region size 1024K, 0 young (0K), 0 survivors (0K)
 Metaspace       used 4037K, capacity 6554K, committed 6784K, reserved 1056768K
  class space    used 336K, capacity 612K, committed 640K, reserved 1048576K
}
Event: 316.530 GC heap before
{Heap before GC invocations=132 (full 132):
 garbage-first heap   total 14336K, used 2670K [0x00000007e0000000, 0x0000000800000000)
  region size 1024K, 1 young (1024K), 0 survivors (0K)
 Metaspace       used 4037K, capacity 6554K, committed 6784K, reserved 1056768K
  class space    used 336K, capacity 612K, committed 640K, reserved 1048576K
}
Event: 316.541 GC heap after
{Heap after GC invocations=133 (full 133):
 garbage-first heap   total 14336K, used 2678K [0x00000007e0000000, 0x0000000800000000)
  region size 1024K, 0 young (0K), 0 survivors (0K)
 Metaspace       used 4037K, capacity 6554K, committed 6784K, reserved 1056768K
  class space    used 336K, capacity 612K, committed 640K, reserved 1048576K
}
Event: 344.594 GC heap before
{Heap before GC invocations=133 (full 133):
 garbage-first heap   total 14336K, used 2678K [0x00000007e0000000, 0x0000000800000000)
  region size 1024K, 2 young (2048K), 0 survivors (0K)
 Metaspace       used 4037K, capacity 6554K, committed 6784K, reserved 1056768K
  class space    used 336K, capacity 612K, committed 640K, reserved 1048576K
}
Event: 344.606 GC heap after
{Heap after GC invocations=134 (full 134):
 garbage-first heap   total 14336K, used 2680K [0x00000007e0000000, 0x0000000800000000)
  region size 1024K, 0 young (0K), 0 survivors (0K)
 Metaspace       used 4037K, capacity 6554K, committed 6784K, reserved 1056768K
  class space    used 336K, capacity 612K, committed 640K, reserved 1048576K
}
Event: 528.837 GC heap before
{Heap before GC invocations=134 (full 134):
 garbage-first heap   total 14336K, used 3704K [0x00000007e0000000, 0x0000000800000000)
  region size 1024K, 2 young (2048K), 0 survivors (0K)
 Metaspace       used 4041K, capacity 6554K, committed 6784K, reserved 1056768K
  class space    used 337K, capacity 612K, committed 640K, reserved 1048576K
}
Event: 528.849 GC heap after
{Heap after GC invocations=135 (full 135):
 garbage-first heap   total 14336K, used 2770K [0x00000007e0000000, 0x0000000800000000)
  region size 1024K, 0 young (0K), 0 survivors (0K)
 Metaspace       used 4041K, capacity 6554K, committed 6784K, reserved 1056768K
  class space    used 337K, capacity 612K, committed 640K, reserved 1048576K
}
Event: 530.009 GC heap before
{Heap before GC invocations=135 (full 135):
 garbage-first heap   total 14336K, used 2770K [0x00000007e0000000, 0x0000000800000000)
  region size 1024K, 1 young (1024K), 0 survivors (0K)
 Metaspace       used 4042K, capacity 6554K, committed 6784K, reserved 1056768K
  class space    used 337K, capacity 612K, committed 640K, reserved 1048576K
}
Event: 530.021 GC heap after
{Heap after GC invocations=136 (full 136):
 garbage-first heap   total 14336K, used 2591K [0x00000007e0000000, 0x0000000800000000)
  region size 1024K, 0 young (0K), 0 survivors (0K)
 Metaspace       used 4042K, capacity 6554K, committed 6784K, reserved 1056768K
  class space    used 337K, capacity 612K, committed 640K, reserved 1048576K
}

