# JRE version: Java(TM) SE Runtime Environment (14.0.2+12) (build 14.0.2+12-46)
# Java VM: Java HotSpot(TM) 64-Bit Server VM (14.0.2+12-46, mixed mode, sharing, tiered, compressed oops, g1 gc, bsd-amd64)
Heap:
 garbage-first heap   total 20480K, used 8754K [0x00000007e0000000, 0x0000000800000000)
  region size 1024K, 2 young (2048K), 1 survivors (1024K)
 Metaspace       used 2992K, capacity 6121K, committed 6272K, reserved 1056768K
  class space    used 271K, capacity 595K, committed 640K, reserved 1048576K
GC Heap History (10 events):
Event: 59.546 GC heap before
{Heap before GC invocations=0 (full 0):
 garbage-first heap   total 264192K, used 7984K [0x00000007e0000000, 0x0000000800000000)
  region size 1024K, 8 young (8192K), 0 survivors (0K)
 Metaspace       used 2804K, capacity 6024K, committed 6272K, reserved 1056768K
  class space    used 269K, capacity 563K, committed 640K, reserved 1048576K
}
Event: 59.556 GC heap after
{Heap after GC invocations=1 (full 1):
 garbage-first heap   total 20480K, used 3111K [0x00000007e0000000, 0x0000000800000000)
  region size 1024K, 0 young (0K), 0 survivors (0K)
 Metaspace       used 2804K, capacity 6024K, committed 6272K, reserved 1056768K
  class space    used 269K, capacity 563K, committed 640K, reserved 1048576K
}
Event: 59.741 GC heap before
{Heap before GC invocations=1 (full 1):
 garbage-first heap   total 20480K, used 8231K [0x00000007e0000000, 0x0000000800000000)
  region size 1024K, 5 young (5120K), 0 survivors (0K)
 Metaspace       used 2980K, capacity 6121K, committed 6272K, reserved 1056768K
  class space    used 271K, capacity 595K, committed 640K, reserved 1048576K
}
Event: 59.747 GC heap after
{Heap after GC invocations=2 (full 1):
 garbage-first heap   total 20480K, used 6111K [0x00000007e0000000, 0x0000000800000000)
  region size 1024K, 1 young (1024K), 1 survivors (1024K)
 Metaspace       used 2980K, capacity 6121K, committed 6272K, reserved 1056768K
  class space    used 271K, capacity 595K, committed 640K, reserved 1048576K
}
Event: 59.782 GC heap before
{Heap before GC invocations=2 (full 1):
 garbage-first heap   total 20480K, used 8159K [0x00000007e0000000, 0x0000000800000000)
  region size 1024K, 3 young (3072K), 1 survivors (1024K)
 Metaspace       used 2987K, capacity 6121K, committed 6272K, reserved 1056768K
  class space    used 271K, capacity 595K, committed 640K, reserved 1048576K
}
Event: 59.786 GC heap after
{Heap after GC invocations=3 (full 1):
 garbage-first heap   total 20480K, used 7410K [0x00000007e0000000, 0x0000000800000000)
  region size 1024K, 1 young (1024K), 1 survivors (1024K)
 Metaspace       used 2987K, capacity 6121K, committed 6272K, reserved 1056768K
  class space    used 271K, capacity 595K, committed 640K, reserved 1048576K
}
Event: 59.793 GC heap before
{Heap before GC invocations=3 (full 1):
 garbage-first heap   total 20480K, used 8434K [0x00000007e0000000, 0x0000000800000000)
  region size 1024K, 2 young (2048K), 1 survivors (1024K)
 Metaspace       used 2991K, capacity 6121K, committed 6272K, reserved 1056768K
  class space    used 271K, capacity 595K, committed 640K, reserved 1048576K
}
Event: 59.797 GC heap after
{Heap after GC invocations=4 (full 1):
 garbage-first heap   total 20480K, used 8138K [0x00000007e0000000, 0x0000000800000000)
  region size 1024K, 1 young (1024K), 1 survivors (1024K)
 Metaspace       used 2991K, capacity 6121K, committed 6272K, reserved 1056768K
  class space    used 271K, capacity 595K, committed 640K, reserved 1048576K
}
Event: 59.816 GC heap before
{Heap before GC invocations=4 (full 1):
 garbage-first heap   total 20480K, used 9162K [0x00000007e0000000, 0x0000000800000000)
  region size 1024K, 2 young (2048K), 1 survivors (1024K)
 Metaspace       used 2992K, capacity 6121K, committed 6272K, reserved 1056768K
  class space    used 271K, capacity 595K, committed 640K, reserved 1048576K
}
Event: 59.819 GC heap after
{Heap after GC invocations=5 (full 1):
 garbage-first heap   total 20480K, used 8754K [0x00000007e0000000, 0x0000000800000000)
  region size 1024K, 1 young (1024K), 1 survivors (1024K)
 Metaspace       used 2992K, capacity 6121K, committed 6272K, reserved 1056768K
  class space    used 271K, capacity 595K, committed 640K, reserved 1048576K
}

