# JRE version: OpenJDK Runtime Environment (13.0.1+9) (build 13.0.1+9)
# Java VM: OpenJDK 64-Bit Server VM (13.0.1+9, mixed mode, sharing, tiered, compressed oops, g1 gc, bsd-amd64)
Heap:
 garbage-first heap   total 35840K, used 19105K [0x00000007e0000000, 0x0000000800000000)
  region size 1024K, 4 young (4096K), 1 survivors (1024K)
 Metaspace       used 3036K, capacity 6115K, committed 6272K, reserved 1056768K
  class space    used 289K, capacity 593K, committed 640K, reserved 1048576K
GC Heap History (20 events):
Event: 56.815 GC heap before
{Heap before GC invocations=0 (full 0):
 garbage-first heap   total 264192K, used 7924K [0x00000007e0000000, 0x0000000800000000)
  region size 1024K, 9 young (9216K), 0 survivors (0K)
 Metaspace       used 2946K, capacity 6115K, committed 6272K, reserved 1056768K
  class space    used 287K, capacity 593K, committed 640K, reserved 1048576K
}
Event: 56.825 GC heap after
{Heap after GC invocations=1 (full 1):
 garbage-first heap   total 24576K, used 2730K [0x00000007e0000000, 0x0000000800000000)
  region size 1024K, 0 young (0K), 0 survivors (0K)
 Metaspace       used 2946K, capacity 6115K, committed 6272K, reserved 1056768K
  class space    used 287K, capacity 593K, committed 640K, reserved 1048576K
}
Event: 56.897 GC heap before
{Heap before GC invocations=1 (full 1):
 garbage-first heap   total 24576K, used 8874K [0x00000007e0000000, 0x0000000800000000)
  region size 1024K, 7 young (7168K), 0 survivors (0K)
 Metaspace       used 3023K, capacity 6115K, committed 6272K, reserved 1056768K
  class space    used 289K, capacity 593K, committed 640K, reserved 1048576K
}
Event: 56.906 GC heap after
{Heap after GC invocations=2 (full 2):
 garbage-first heap   total 24576K, used 6778K [0x00000007e0000000, 0x0000000800000000)
  region size 1024K, 0 young (0K), 0 survivors (0K)
 Metaspace       used 3023K, capacity 6115K, committed 6272K, reserved 1056768K
  class space    used 289K, capacity 593K, committed 640K, reserved 1048576K
}
Event: 56.943 GC heap before
{Heap before GC invocations=2 (full 2):
 garbage-first heap   total 24576K, used 12922K [0x00000007e0000000, 0x0000000800000000)
  region size 1024K, 6 young (6144K), 0 survivors (0K)
 Metaspace       used 3032K, capacity 6115K, committed 6272K, reserved 1056768K
  class space    used 289K, capacity 593K, committed 640K, reserved 1048576K
}
Event: 56.947 GC heap after
{Heap after GC invocations=3 (full 2):
 garbage-first heap   total 24576K, used 12755K [0x00000007e0000000, 0x0000000800000000)
  region size 1024K, 1 young (1024K), 1 survivors (1024K)
 Metaspace       used 3032K, capacity 6115K, committed 6272K, reserved 1056768K
  class space    used 289K, capacity 593K, committed 640K, reserved 1048576K
}
Event: 56.948 GC heap before
{Heap before GC invocations=3 (full 2):
 garbage-first heap   total 24576K, used 13779K [0x00000007e0000000, 0x0000000800000000)
  region size 1024K, 2 young (2048K), 1 survivors (1024K)
 Metaspace       used 3032K, capacity 6115K, committed 6272K, reserved 1056768K
  class space    used 289K, capacity 593K, committed 640K, reserved 1048576K
}
Event: 56.949 GC heap after
{Heap after GC invocations=4 (full 2):
 garbage-first heap   total 24576K, used 13946K [0x00000007e0000000, 0x0000000800000000)
  region size 1024K, 1 young (1024K), 1 survivors (1024K)
 Metaspace       used 3032K, capacity 6115K, committed 6272K, reserved 1056768K
  class space    used 289K, capacity 593K, committed 640K, reserved 1048576K
}
Event: 56.952 GC heap before
{Heap before GC invocations=4 (full 2):
 garbage-first heap   total 24576K, used 14970K [0x00000007e0000000, 0x0000000800000000)
  region size 1024K, 2 young (2048K), 1 survivors (1024K)
 Metaspace       used 3032K, capacity 6115K, committed 6272K, reserved 1056768K
  class space    used 289K, capacity 593K, committed 640K, reserved 1048576K
}
Event: 56.953 GC heap after
{Heap after GC invocations=5 (full 2):
 garbage-first heap   total 24576K, used 14970K [0x00000007e0000000, 0x0000000800000000)
  region size 1024K, 1 young (1024K), 1 survivors (1024K)
 Metaspace       used 3032K, capacity 6115K, committed 6272K, reserved 1056768K
  class space    used 289K, capacity 593K, committed 640K, reserved 1048576K
}
Event: 56.955 GC heap before
{Heap before GC invocations=5 (full 2):
 garbage-first heap   total 24576K, used 15994K [0x00000007e0000000, 0x0000000800000000)
  region size 1024K, 2 young (2048K), 1 survivors (1024K)
 Metaspace       used 3032K, capacity 6115K, committed 6272K, reserved 1056768K
  class space    used 289K, capacity 593K, committed 640K, reserved 1048576K
}
Event: 56.956 GC heap after
{Heap after GC invocations=6 (full 2):
 garbage-first heap   total 24576K, used 16102K [0x00000007e0000000, 0x0000000800000000)
  region size 1024K, 1 young (1024K), 1 survivors (1024K)
 Metaspace       used 3032K, capacity 6115K, committed 6272K, reserved 1056768K
  class space    used 289K, capacity 593K, committed 640K, reserved 1048576K
}
Event: 56.958 GC heap before
{Heap before GC invocations=6 (full 2):
 garbage-first heap   total 24576K, used 17126K [0x00000007e0000000, 0x0000000800000000)
  region size 1024K, 2 young (2048K), 1 survivors (1024K)
 Metaspace       used 3032K, capacity 6115K, committed 6272K, reserved 1056768K
  class space    used 289K, capacity 593K, committed 640K, reserved 1048576K
}
Event: 56.959 GC heap after
{Heap after GC invocations=7 (full 2):
 garbage-first heap   total 24576K, used 17121K [0x00000007e0000000, 0x0000000800000000)
  region size 1024K, 1 young (1024K), 1 survivors (1024K)
 Metaspace       used 3032K, capacity 6115K, committed 6272K, reserved 1056768K
  class space    used 289K, capacity 593K, committed 640K, reserved 1048576K
}
Event: 57.002 GC heap before
{Heap before GC invocations=8 (full 2):
 garbage-first heap   total 35840K, used 17121K [0x00000007e0000000, 0x0000000800000000)
  region size 1024K, 2 young (2048K), 1 survivors (1024K)
 Metaspace       used 3033K, capacity 6115K, committed 6272K, reserved 1056768K
  class space    used 289K, capacity 593K, committed 640K, reserved 1048576K
}
Event: 57.023 GC heap after
{Heap after GC invocations=9 (full 3):
 garbage-first heap   total 35840K, used 11325K [0x00000007e0000000, 0x0000000800000000)
  region size 1024K, 0 young (0K), 0 survivors (0K)
 Metaspace       used 3033K, capacity 6115K, committed 6272K, reserved 1056768K
  class space    used 289K, capacity 593K, committed 640K, reserved 1048576K
}
Event: 57.044 GC heap before
{Heap before GC invocations=9 (full 3):
 garbage-first heap   total 35840K, used 16445K [0x00000007e0000000, 0x0000000800000000)
  region size 1024K, 5 young (5120K), 0 survivors (0K)
 Metaspace       used 3035K, capacity 6115K, committed 6272K, reserved 1056768K
  class space    used 289K, capacity 593K, committed 640K, reserved 1048576K
}
Event: 57.048 GC heap after
{Heap after GC invocations=10 (full 3):
 garbage-first heap   total 35840K, used 14972K [0x00000007e0000000, 0x0000000800000000)
  region size 1024K, 1 young (1024K), 1 survivors (1024K)
 Metaspace       used 3035K, capacity 6115K, committed 6272K, reserved 1056768K
  class space    used 289K, capacity 593K, committed 640K, reserved 1048576K
}
Event: 57.088 GC heap before
{Heap before GC invocations=10 (full 3):
 garbage-first heap   total 35840K, used 19068K [0x00000007e0000000, 0x0000000800000000)
  region size 1024K, 5 young (5120K), 1 survivors (1024K)
 Metaspace       used 3036K, capacity 6115K, committed 6272K, reserved 1056768K
  class space    used 289K, capacity 593K, committed 640K, reserved 1048576K
}
Event: 57.091 GC heap after
{Heap after GC invocations=11 (full 3):
 garbage-first heap   total 35840K, used 17057K [0x00000007e0000000, 0x0000000800000000)
  region size 1024K, 1 young (1024K), 1 survivors (1024K)
 Metaspace       used 3036K, capacity 6115K, committed 6272K, reserved 1056768K
  class space    used 289K, capacity 593K, committed 640K, reserved 1048576K
}

