# JRE version: OpenJDK Runtime Environment (13.0.1+9) (build 13.0.1+9)
# Java VM: OpenJDK 64-Bit Server VM (13.0.1+9, mixed mode, sharing, tiered, compressed oops, g1 gc, bsd-amd64)
Heap:
 garbage-first heap   total 20480K, used 4517K [0x00000007e0000000, 0x0000000800000000)
  region size 1024K, 1 young (1024K), 0 survivors (0K)
 Metaspace       used 3143K, capacity 6180K, committed 6272K, reserved 1056768K
  class space    used 290K, capacity 593K, committed 640K, reserved 1048576K
GC Heap History (6 events):
Event: 42.215 GC heap before
{Heap before GC invocations=0 (full 0):
 garbage-first heap   total 264192K, used 7924K [0x00000007e0000000, 0x0000000800000000)
  region size 1024K, 9 young (9216K), 0 survivors (0K)
 Metaspace       used 2956K, capacity 6115K, committed 6272K, reserved 1056768K
  class space    used 287K, capacity 593K, committed 640K, reserved 1048576K
}
Event: 42.221 GC heap after
{Heap after GC invocations=1 (full 1):
 garbage-first heap   total 27648K, used 2548K [0x00000007e0000000, 0x0000000800000000)
  region size 1024K, 0 young (0K), 0 survivors (0K)
 Metaspace       used 2956K, capacity 6115K, committed 6272K, reserved 1056768K
  class space    used 287K, capacity 593K, committed 640K, reserved 1048576K
}
Event: 42.291 GC heap before
{Heap before GC invocations=1 (full 1):
 garbage-first heap   total 27648K, used 10740K [0x00000007e0000000, 0x0000000800000000)
  region size 1024K, 8 young (8192K), 0 survivors (0K)
 Metaspace       used 3136K, capacity 6180K, committed 6272K, reserved 1056768K
  class space    used 289K, capacity 593K, committed 640K, reserved 1048576K
}
Event: 42.294 GC heap after
{Heap after GC invocations=2 (full 1):
 garbage-first heap   total 27648K, used 5007K [0x00000007e0000000, 0x0000000800000000)
  region size 1024K, 1 young (1024K), 1 survivors (1024K)
 Metaspace       used 3136K, capacity 6180K, committed 6272K, reserved 1056768K
  class space    used 289K, capacity 593K, committed 640K, reserved 1048576K
}
Event: 42.520 GC heap before
{Heap before GC invocations=2 (full 1):
 garbage-first heap   total 27648K, used 6031K [0x00000007e0000000, 0x0000000800000000)
  region size 1024K, 3 young (3072K), 1 survivors (1024K)
 Metaspace       used 3143K, capacity 6180K, committed 6272K, reserved 1056768K
  class space    used 290K, capacity 593K, committed 640K, reserved 1048576K
}
Event: 42.527 GC heap after
{Heap after GC invocations=3 (full 2):
 garbage-first heap   total 20480K, used 4517K [0x00000007e0000000, 0x0000000800000000)
  region size 1024K, 0 young (0K), 0 survivors (0K)
 Metaspace       used 3143K, capacity 6180K, committed 6272K, reserved 1056768K
  class space    used 290K, capacity 593K, committed 640K, reserved 1048576K
}

