# JRE version: Java(TM) SE Runtime Environment (14.0.2+12) (build 14.0.2+12-46)
# Java VM: Java HotSpot(TM) 64-Bit Server VM (14.0.2+12-46, mixed mode, sharing, tiered, compressed oops, g1 gc, bsd-amd64)
Heap:
 garbage-first heap   total 71680K, used 60021K [0x00000007e0000000, 0x0000000800000000)
  region size 1024K, 3 young (3072K), 1 survivors (1024K)
 Metaspace       used 3191K, capacity 6196K, committed 6528K, reserved 1056768K
  class space    used 290K, capacity 599K, committed 640K, reserved 1048576K
GC Heap History (18 events):
Event: 37.064 GC heap before
{Heap before GC invocations=0 (full 0):
 garbage-first heap   total 264192K, used 7984K [0x00000007e0000000, 0x0000000800000000)
  region size 1024K, 9 young (9216K), 0 survivors (0K)
 Metaspace       used 2931K, capacity 6131K, committed 6272K, reserved 1056768K
  class space    used 287K, capacity 599K, committed 640K, reserved 1048576K
}
Event: 37.071 GC heap after
{Heap after GC invocations=1 (full 1):
 garbage-first heap   total 17408K, used 2617K [0x00000007e0000000, 0x0000000800000000)
  region size 1024K, 0 young (0K), 0 survivors (0K)
 Metaspace       used 2931K, capacity 6131K, committed 6272K, reserved 1056768K
  class space    used 287K, capacity 599K, committed 640K, reserved 1048576K
}
Event: 37.117 GC heap before
{Heap before GC invocations=1 (full 1):
 garbage-first heap   total 17408K, used 5689K [0x00000007e0000000, 0x0000000800000000)
  region size 1024K, 4 young (4096K), 0 survivors (0K)
 Metaspace       used 2974K, capacity 6131K, committed 6272K, reserved 1056768K
  class space    used 289K, capacity 599K, committed 640K, reserved 1048576K
}
Event: 37.127 GC heap after
{Heap after GC invocations=2 (full 2):
 garbage-first heap   total 17408K, used 4241K [0x00000007e0000000, 0x0000000800000000)
  region size 1024K, 0 young (0K), 0 survivors (0K)
 Metaspace       used 2974K, capacity 6131K, committed 6272K, reserved 1056768K
  class space    used 289K, capacity 599K, committed 640K, reserved 1048576K
}
Event: 37.204 GC heap before
{Heap before GC invocations=2 (full 2):
 garbage-first heap   total 17408K, used 8337K [0x00000007e0000000, 0x0000000800000000)
  region size 1024K, 4 young (4096K), 0 survivors (0K)
 Metaspace       used 3172K, capacity 6196K, committed 6528K, reserved 1056768K
  class space    used 290K, capacity 599K, committed 640K, reserved 1048576K
}
Event: 37.206 GC heap after
{Heap after GC invocations=3 (full 2):
 garbage-first heap   total 17408K, used 5543K [0x00000007e0000000, 0x0000000800000000)
  region size 1024K, 1 young (1024K), 1 survivors (1024K)
 Metaspace       used 3172K, capacity 6196K, committed 6528K, reserved 1056768K
  class space    used 290K, capacity 599K, committed 640K, reserved 1048576K
}
Event: 37.221 GC heap before
{Heap before GC invocations=3 (full 2):
 garbage-first heap   total 17408K, used 7591K [0x00000007e0000000, 0x0000000800000000)
  region size 1024K, 3 young (3072K), 1 survivors (1024K)
 Metaspace       used 3174K, capacity 6196K, committed 6528K, reserved 1056768K
  class space    used 290K, capacity 599K, committed 640K, reserved 1048576K
}
Event: 37.223 GC heap after
{Heap after GC invocations=4 (full 2):
 garbage-first heap   total 17408K, used 6274K [0x00000007e0000000, 0x0000000800000000)
  region size 1024K, 1 young (1024K), 1 survivors (1024K)
 Metaspace       used 3174K, capacity 6196K, committed 6528K, reserved 1056768K
  class space    used 290K, capacity 599K, committed 640K, reserved 1048576K
}
Event: 37.236 GC heap before
{Heap before GC invocations=4 (full 2):
 garbage-first heap   total 17408K, used 8322K [0x00000007e0000000, 0x0000000800000000)
  region size 1024K, 3 young (3072K), 1 survivors (1024K)
 Metaspace       used 3174K, capacity 6196K, committed 6528K, reserved 1056768K
  class space    used 290K, capacity 599K, committed 640K, reserved 1048576K
}
Event: 37.238 GC heap after
{Heap after GC invocations=5 (full 2):
 garbage-first heap   total 17408K, used 6824K [0x00000007e0000000, 0x0000000800000000)
  region size 1024K, 1 young (1024K), 1 survivors (1024K)
 Metaspace       used 3174K, capacity 6196K, committed 6528K, reserved 1056768K
  class space    used 290K, capacity 599K, committed 640K, reserved 1048576K
}
Event: 37.306 GC heap before
{Heap before GC invocations=6 (full 2):
 garbage-first heap   total 17408K, used 6824K [0x00000007e0000000, 0x0000000800000000)
  region size 1024K, 2 young (2048K), 1 survivors (1024K)
 Metaspace       used 3175K, capacity 6196K, committed 6528K, reserved 1056768K
  class space    used 290K, capacity 599K, committed 640K, reserved 1048576K
}
Event: 37.319 GC heap after
{Heap after GC invocations=7 (full 3):
 garbage-first heap   total 17408K, used 5455K [0x00000007e0000000, 0x0000000800000000)
  region size 1024K, 0 young (0K), 0 survivors (0K)
 Metaspace       used 3175K, capacity 6196K, committed 6528K, reserved 1056768K
  class space    used 290K, capacity 599K, committed 640K, reserved 1048576K
}
Event: 37.319 GC heap before
{Heap before GC invocations=7 (full 3):
 garbage-first heap   total 17408K, used 5455K [0x00000007e0000000, 0x0000000800000000)
  region size 1024K, 1 young (1024K), 0 survivors (0K)
 Metaspace       used 3175K, capacity 6196K, committed 6528K, reserved 1056768K
  class space    used 290K, capacity 599K, committed 640K, reserved 1048576K
}
Event: 37.319 GC heap after
{Heap after GC invocations=8 (full 3):
 garbage-first heap   total 17408K, used 5507K [0x00000007e0000000, 0x0000000800000000)
  region size 1024K, 1 young (1024K), 1 survivors (1024K)
 Metaspace       used 3175K, capacity 6196K, committed 6528K, reserved 1056768K
  class space    used 290K, capacity 599K, committed 640K, reserved 1048576K
}
Event: 37.369 GC heap before
{Heap before GC invocations=9 (full 3):
 garbage-first heap   total 71680K, used 61827K [0x00000007e0000000, 0x0000000800000000)
  region size 1024K, 4 young (4096K), 1 survivors (1024K)
 Metaspace       used 3180K, capacity 6196K, committed 6528K, reserved 1056768K
  class space    used 290K, capacity 599K, committed 640K, reserved 1048576K
}
Event: 37.369 GC heap after
{Heap after GC invocations=10 (full 3):
 garbage-first heap   total 71680K, used 59001K [0x00000007e0000000, 0x0000000800000000)
  region size 1024K, 1 young (1024K), 1 survivors (1024K)
 Metaspace       used 3180K, capacity 6196K, committed 6528K, reserved 1056768K
  class space    used 290K, capacity 599K, committed 640K, reserved 1048576K
}
Event: 37.386 GC heap before
{Heap before GC invocations=10 (full 3):
 garbage-first heap   total 71680K, used 62073K [0x00000007e0000000, 0x0000000800000000)
  region size 1024K, 4 young (4096K), 1 survivors (1024K)
 Metaspace       used 3190K, capacity 6196K, committed 6528K, reserved 1056768K
  class space    used 290K, capacity 599K, committed 640K, reserved 1048576K
}
Event: 37.386 GC heap after
{Heap after GC invocations=11 (full 3):
 garbage-first heap   total 71680K, used 58997K [0x00000007e0000000, 0x0000000800000000)
  region size 1024K, 1 young (1024K), 1 survivors (1024K)
 Metaspace       used 3190K, capacity 6196K, committed 6528K, reserved 1056768K
  class space    used 290K, capacity 599K, committed 640K, reserved 1048576K
}

