# JRE version: Java(TM) SE Runtime Environment (14.0.2+12) (build 14.0.2+12-46)
# Java VM: Java HotSpot(TM) 64-Bit Server VM (14.0.2+12-46, mixed mode, sharing, tiered, compressed oops, g1 gc, bsd-amd64)
Heap:
 garbage-first heap   total 14336K, used 4741K [0x00000007e0000000, 0x0000000800000000)
  region size 1024K, 2 young (2048K), 1 survivors (1024K)
 Metaspace       used 3775K, capacity 6475K, committed 6528K, reserved 1056768K
  class space    used 320K, capacity 606K, committed 640K, reserved 1048576K
GC Heap History (20 events):
Event: 1415.834 GC heap before
{Heap before GC invocations=66 (full 59):
 garbage-first heap   total 14336K, used 3710K [0x00000007e0000000, 0x0000000800000000)
  region size 1024K, 2 young (2048K), 0 survivors (0K)
 Metaspace       used 3765K, capacity 6475K, committed 6528K, reserved 1056768K
  class space    used 320K, capacity 606K, committed 640K, reserved 1048576K
}
Event: 1415.844 GC heap after
{Heap after GC invocations=67 (full 60):
 garbage-first heap   total 14336K, used 3621K [0x00000007e0000000, 0x0000000800000000)
  region size 1024K, 0 young (0K), 0 survivors (0K)
 Metaspace       used 3765K, capacity 6475K, committed 6528K, reserved 1056768K
  class space    used 320K, capacity 606K, committed 640K, reserved 1048576K
}
Event: 1415.852 GC heap before
{Heap before GC invocations=67 (full 60):
 garbage-first heap   total 14336K, used 5669K [0x00000007e0000000, 0x0000000800000000)
  region size 1024K, 2 young (2048K), 0 survivors (0K)
 Metaspace       used 3765K, capacity 6475K, committed 6528K, reserved 1056768K
  class space    used 320K, capacity 606K, committed 640K, reserved 1048576K
}
Event: 1415.854 GC heap after
{Heap after GC invocations=68 (full 60):
 garbage-first heap   total 14336K, used 4815K [0x00000007e0000000, 0x0000000800000000)
  region size 1024K, 1 young (1024K), 1 survivors (1024K)
 Metaspace       used 3765K, capacity 6475K, committed 6528K, reserved 1056768K
  class space    used 320K, capacity 606K, committed 640K, reserved 1048576K
}
Event: 1415.858 GC heap before
{Heap before GC invocations=68 (full 60):
 garbage-first heap   total 14336K, used 5839K [0x00000007e0000000, 0x0000000800000000)
  region size 1024K, 2 young (2048K), 1 survivors (1024K)
 Metaspace       used 3765K, capacity 6475K, committed 6528K, reserved 1056768K
  class space    used 320K, capacity 606K, committed 640K, reserved 1048576K
}
Event: 1415.860 GC heap after
{Heap after GC invocations=69 (full 60):
 garbage-first heap   total 14336K, used 5448K [0x00000007e0000000, 0x0000000800000000)
  region size 1024K, 1 young (1024K), 1 survivors (1024K)
 Metaspace       used 3765K, capacity 6475K, committed 6528K, reserved 1056768K
  class space    used 320K, capacity 606K, committed 640K, reserved 1048576K
}
Event: 1415.868 GC heap before
{Heap before GC invocations=69 (full 60):
 garbage-first heap   total 14336K, used 6472K [0x00000007e0000000, 0x0000000800000000)
  region size 1024K, 2 young (2048K), 1 survivors (1024K)
 Metaspace       used 3765K, capacity 6475K, committed 6528K, reserved 1056768K
  class space    used 320K, capacity 606K, committed 640K, reserved 1048576K
}
Event: 1415.870 GC heap after
{Heap after GC invocations=70 (full 60):
 garbage-first heap   total 14336K, used 5961K [0x00000007e0000000, 0x0000000800000000)
  region size 1024K, 1 young (1024K), 1 survivors (1024K)
 Metaspace       used 3765K, capacity 6475K, committed 6528K, reserved 1056768K
  class space    used 320K, capacity 606K, committed 640K, reserved 1048576K
}
Event: 1416.084 GC heap before
{Heap before GC invocations=71 (full 60):
 garbage-first heap   total 15360K, used 5961K [0x00000007e0000000, 0x0000000800000000)
  region size 1024K, 2 young (2048K), 1 survivors (1024K)
 Metaspace       used 3765K, capacity 6475K, committed 6528K, reserved 1056768K
  class space    used 320K, capacity 606K, committed 640K, reserved 1048576K
}
Event: 1416.099 GC heap after
{Heap after GC invocations=72 (full 61):
 garbage-first heap   total 15360K, used 4937K [0x00000007e0000000, 0x0000000800000000)
  region size 1024K, 0 young (0K), 0 survivors (0K)
 Metaspace       used 3765K, capacity 6475K, committed 6528K, reserved 1056768K
  class space    used 320K, capacity 606K, committed 640K, reserved 1048576K
}
Event: 1416.106 GC heap before
{Heap before GC invocations=72 (full 61):
 garbage-first heap   total 15360K, used 6985K [0x00000007e0000000, 0x0000000800000000)
  region size 1024K, 2 young (2048K), 0 survivors (0K)
 Metaspace       used 3766K, capacity 6475K, committed 6528K, reserved 1056768K
  class space    used 320K, capacity 606K, committed 640K, reserved 1048576K
}
Event: 1416.108 GC heap after
{Heap after GC invocations=73 (full 61):
 garbage-first heap   total 15360K, used 6957K [0x00000007e0000000, 0x0000000800000000)
  region size 1024K, 1 young (1024K), 1 survivors (1024K)
 Metaspace       used 3766K, capacity 6475K, committed 6528K, reserved 1056768K
  class space    used 320K, capacity 606K, committed 640K, reserved 1048576K
}
Event: 1882.841 GC heap before
{Heap before GC invocations=74 (full 61):
 garbage-first heap   total 17408K, used 7981K [0x00000007e0000000, 0x0000000800000000)
  region size 1024K, 2 young (2048K), 1 survivors (1024K)
 Metaspace       used 3766K, capacity 6475K, committed 6528K, reserved 1056768K
  class space    used 320K, capacity 606K, committed 640K, reserved 1048576K
}
Event: 1882.842 GC heap after
{Heap after GC invocations=75 (full 61):
 garbage-first heap   total 17408K, used 6350K [0x00000007e0000000, 0x0000000800000000)
  region size 1024K, 1 young (1024K), 1 survivors (1024K)
 Metaspace       used 3766K, capacity 6475K, committed 6528K, reserved 1056768K
  class space    used 320K, capacity 606K, committed 640K, reserved 1048576K
}
Event: 1882.842 GC heap before
{Heap before GC invocations=75 (full 61):
 garbage-first heap   total 17408K, used 6350K [0x00000007e0000000, 0x0000000800000000)
  region size 1024K, 2 young (2048K), 1 survivors (1024K)
 Metaspace       used 3766K, capacity 6475K, committed 6528K, reserved 1056768K
  class space    used 320K, capacity 606K, committed 640K, reserved 1048576K
}
Event: 1882.853 GC heap after
{Heap after GC invocations=76 (full 62):
 garbage-first heap   total 14336K, used 2668K [0x00000007e0000000, 0x0000000800000000)
  region size 1024K, 0 young (0K), 0 survivors (0K)
 Metaspace       used 3766K, capacity 6475K, committed 6528K, reserved 1056768K
  class space    used 320K, capacity 606K, committed 640K, reserved 1048576K
}
Event: 1882.874 GC heap before
{Heap before GC invocations=76 (full 62):
 garbage-first heap   total 14336K, used 3692K [0x00000007e0000000, 0x0000000800000000)
  region size 1024K, 2 young (2048K), 0 survivors (0K)
 Metaspace       used 3772K, capacity 6475K, committed 6528K, reserved 1056768K
  class space    used 320K, capacity 606K, committed 640K, reserved 1048576K
}
Event: 1882.886 GC heap after
{Heap after GC invocations=77 (full 63):
 garbage-first heap   total 14336K, used 3600K [0x00000007e0000000, 0x0000000800000000)
  region size 1024K, 0 young (0K), 0 survivors (0K)
 Metaspace       used 3772K, capacity 6475K, committed 6528K, reserved 1056768K
  class space    used 320K, capacity 606K, committed 640K, reserved 1048576K
}
Event: 1882.891 GC heap before
{Heap before GC invocations=77 (full 63):
 garbage-first heap   total 14336K, used 5648K [0x00000007e0000000, 0x0000000800000000)
  region size 1024K, 2 young (2048K), 0 survivors (0K)
 Metaspace       used 3775K, capacity 6475K, committed 6528K, reserved 1056768K
  class space    used 320K, capacity 606K, committed 640K, reserved 1048576K
}
Event: 1882.892 GC heap after
{Heap after GC invocations=78 (full 63):
 garbage-first heap   total 14336K, used 4741K [0x00000007e0000000, 0x0000000800000000)
  region size 1024K, 1 young (1024K), 1 survivors (1024K)
 Metaspace       used 3775K, capacity 6475K, committed 6528K, reserved 1056768K
  class space    used 320K, capacity 606K, committed 640K, reserved 1048576K
}

