# JRE version: OpenJDK Runtime Environment (13.0.1+9) (build 13.0.1+9)
# Java VM: OpenJDK 64-Bit Server VM (13.0.1+9, mixed mode, sharing, tiered, compressed oops, g1 gc, bsd-amd64)
Heap:
 garbage-first heap   total 15360K, used 7877K [0x00000007e0000000, 0x0000000800000000)
  region size 1024K, 2 young (2048K), 1 survivors (1024K)
 Metaspace       used 3492K, capacity 6329K, committed 6528K, reserved 1056768K
  class space    used 310K, capacity 600K, committed 640K, reserved 1048576K
GC Heap History (12 events):
Event: 10722.517 GC heap before
{Heap before GC invocations=0 (full 0):
 garbage-first heap   total 264192K, used 5876K [0x00000007e0000000, 0x0000000800000000)
  region size 1024K, 7 young (7168K), 0 survivors (0K)
 Metaspace       used 2826K, capacity 6008K, committed 6272K, reserved 1056768K
  class space    used 268K, capacity 557K, committed 640K, reserved 1048576K
}
Event: 10722.525 GC heap after
{Heap after GC invocations=1 (full 1):
 garbage-first heap   total 27648K, used 2263K [0x00000007e0000000, 0x0000000800000000)
  region size 1024K, 0 young (0K), 0 survivors (0K)
 Metaspace       used 2826K, capacity 6008K, committed 6272K, reserved 1056768K
  class space    used 268K, capacity 557K, committed 640K, reserved 1048576K
}
Event: 10755.217 GC heap before
{Heap before GC invocations=1 (full 1):
 garbage-first heap   total 27648K, used 3287K [0x00000007e0000000, 0x0000000800000000)
  region size 1024K, 2 young (2048K), 0 survivors (0K)
 Metaspace       used 2864K, capacity 6008K, committed 6272K, reserved 1056768K
  class space    used 270K, capacity 557K, committed 640K, reserved 1048576K
}
Event: 10755.222 GC heap after
{Heap after GC invocations=2 (full 2):
 garbage-first heap   total 14336K, used 2554K [0x00000007e0000000, 0x0000000800000000)
  region size 1024K, 0 young (0K), 0 survivors (0K)
 Metaspace       used 2864K, capacity 6008K, committed 6272K, reserved 1056768K
  class space    used 270K, capacity 557K, committed 640K, reserved 1048576K
}
Event: 10958.233 GC heap before
{Heap before GC invocations=2 (full 2):
 garbage-first heap   total 14336K, used 3578K [0x00000007e0000000, 0x0000000800000000)
  region size 1024K, 3 young (3072K), 0 survivors (0K)
 Metaspace       used 3013K, capacity 6130K, committed 6272K, reserved 1056768K
  class space    used 292K, capacity 598K, committed 640K, reserved 1048576K
}
Event: 10958.241 GC heap after
{Heap after GC invocations=3 (full 3):
 garbage-first heap   total 14336K, used 2207K [0x00000007e0000000, 0x0000000800000000)
  region size 1024K, 0 young (0K), 0 survivors (0K)
 Metaspace       used 3013K, capacity 6130K, committed 6272K, reserved 1056768K
  class space    used 292K, capacity 598K, committed 640K, reserved 1048576K
}
Event: 11004.737 GC heap before
{Heap before GC invocations=3 (full 3):
 garbage-first heap   total 14336K, used 6303K [0x00000007e0000000, 0x0000000800000000)
  region size 1024K, 4 young (4096K), 0 survivors (0K)
 Metaspace       used 3260K, capacity 6201K, committed 6272K, reserved 1056768K
  class space    used 300K, capacity 600K, committed 640K, reserved 1048576K
}
Event: 11004.738 GC heap after
{Heap after GC invocations=4 (full 3):
 garbage-first heap   total 14336K, used 2562K [0x00000007e0000000, 0x0000000800000000)
  region size 1024K, 1 young (1024K), 1 survivors (1024K)
 Metaspace       used 3260K, capacity 6201K, committed 6272K, reserved 1056768K
  class space    used 300K, capacity 600K, committed 640K, reserved 1048576K
}
Event: 11004.800 GC heap before
{Heap before GC invocations=4 (full 3):
 garbage-first heap   total 14336K, used 6658K [0x00000007e0000000, 0x0000000800000000)
  region size 1024K, 6 young (6144K), 1 survivors (1024K)
 Metaspace       used 3460K, capacity 6329K, committed 6528K, reserved 1056768K
  class space    used 307K, capacity 600K, committed 640K, reserved 1048576K
}
Event: 11004.806 GC heap after
{Heap after GC invocations=5 (full 3):
 garbage-first heap   total 15360K, used 6770K [0x00000007e0000000, 0x0000000800000000)
  region size 1024K, 1 young (1024K), 1 survivors (1024K)
 Metaspace       used 3460K, capacity 6329K, committed 6528K, reserved 1056768K
  class space    used 307K, capacity 600K, committed 640K, reserved 1048576K
}
Event: 11004.810 GC heap before
{Heap before GC invocations=5 (full 3):
 garbage-first heap   total 15360K, used 7794K [0x00000007e0000000, 0x0000000800000000)
  region size 1024K, 2 young (2048K), 1 survivors (1024K)
 Metaspace       used 3460K, capacity 6329K, committed 6528K, reserved 1056768K
  class space    used 307K, capacity 600K, committed 640K, reserved 1048576K
}
Event: 11004.813 GC heap after
{Heap after GC invocations=6 (full 3):
 garbage-first heap   total 15360K, used 7877K [0x00000007e0000000, 0x0000000800000000)
  region size 1024K, 1 young (1024K), 1 survivors (1024K)
 Metaspace       used 3460K, capacity 6329K, committed 6528K, reserved 1056768K
  class space    used 307K, capacity 600K, committed 640K, reserved 1048576K
}

